<?xml version="1.0" encoding="UTF-8"?>
<!-- Generated by org.testng.reporters.JUnitReportReporter -->
<testsuite hostname="gongxiaoqin-nb" name="common.Vod_queryByCode" tests="1" failures="0" timestamp="4 Aug 2016 07:24:07 GMT" time="17.604" errors="0">
  <testcase name="queryByCode" time="17.604" classname="common.Vod_queryByCode"/>
</testsuite> <!-- common.Vod_queryByCode -->
