<?xml version="1.0" encoding="UTF-8"?>
<!-- Generated by org.testng.reporters.JUnitReportReporter -->
<testsuite hostname="gongxiaoqin-nb" name="common.Vod_modify" tests="1" failures="0" timestamp="3 Aug 2016 08:49:18 GMT" time="4.073" errors="0">
  <testcase name="f" time="4.073" classname="common.Vod_modify"/>
</testsuite> <!-- common.Vod_modify -->
