<?xml version="1.0" encoding="UTF-8"?>
<!-- Generated by org.testng.reporters.JUnitReportReporter -->
<testsuite hostname="gongxiaoqin-nb" name="common.Login" tests="1" failures="0" timestamp="4 Aug 2016 07:24:07 GMT" time="29.624" errors="0">
  <testcase name="testLogin" time="29.624" classname="common.Login"/>
</testsuite> <!-- common.Login -->
